<?xml version="1.0" encoding="UTF-8" ?>
<testsuite tests="5" failures="0" name="com.csra.eligibility.workflow.medicalincome.WF_MI_Main_EligibilityTest" time="6.966" errors="0" skipped="0">
  <properties>
[...]
</properties>
  <testcase classname="com.csra.eligibility.workflow.medicalincome.WF_MI_Main_EligibilityTest" name="eligibilitIsStale" time="3.666"/>
  <testcase classname="com.csra.eligibility.workflow.medicalincome.WF_MI_Main_EligibilityTest" name="preCheckIncomeExceeded" time="0.928"/>
  <testcase classname="com.csra.eligibility.workflow.medicalincome.WF_MI_Main_EligibilityTest" name="nonChipMemberIncome16000" time="0.79"/>
  <testcase classname="com.csra.eligibility.workflow.medicalincome.WF_MI_Main_EligibilityTest" name="memberNewBorn" time="0.832"/>
  <testcase classname="com.csra.eligibility.workflow.medicalincome.WF_MI_Main_EligibilityTest" name="eligibleMember" time="0.67"/>
</testsuite>